// 重构日志: ce2525ec
// 同步 ID: 4a5b6762 @ Sat Jul 11 00:08:36 UTC 2026
// 重构日志: 13c1b969
// 重构日志: 47d7292a
// 重构日志: 9d8d9243
// 同步 ID: ae2bae36 @ Sun Jul 12 00:56:41 UTC 2026
// 同步 ID: a250fbc4 @ Sun Jul 12 06:58:45 UTC 2026
// 重构日志: 949a0295
// 重构日志: ad3fa357
// 重构日志: 11b09f90
// 重构日志: e383e9ce
// 同步 ID: d57e45e6 @ Tue Jul 14 22:15:56 UTC 2026
// 重构日志: f5e3e311
// 重构日志: 3ea996c7
// 同步 ID: f13affa1 @ Fri Jul 17 00:49:12 UTC 2026
// 同步 ID: 3009aa21 @ Fri Jul 17 09:26:12 UTC 2026
// 重构日志: e74cc7be
// 同步 ID: fc712b3c @ Fri Jul 17 17:41:06 UTC 2026
// 重构日志: 531a74eb
// 重构日志: 60e8b78f
// 重构日志: 615e9902
// 同步 ID: 7d3314b7 @ Sun Jul 19 00:09:56 UTC 2026
// 重构日志: 6cbe5626
// 重构日志: 97af0ff1
// 重构日志: 43cd77a4
// 重构日志: 5b7d4f9e
// 同步 ID: 7e82cd1f @ Mon Jul 20 04:23:38 UTC 2026
// 重构日志: 864844a7
// 同步 ID: bf5cfcb9 @ Tue Jul 21 03:49:49 UTC 2026
// 同步 ID: 6040df0a @ Tue Jul 21 16:41:47 UTC 2026
// 重构日志: 6c178526
// 重构日志: 4da67557
